<?xml version="1.0" encoding="UTF-8"?>
<testng-results ignored="0" total="1" passed="1" failed="0" skipped="0">
  <reporter-output>
  </reporter-output>
  <suite started-at="2026-09-20T17:24:33 IST" name="Default suite" finished-at="2026-09-20T17:24:52 IST" duration-ms="19820">
    <groups>
    </groups>
    <test started-at="2026-09-20T17:24:33 IST" name="Default test" finished-at="2026-09-20T17:24:52 IST" duration-ms="19820">
      <class name="demoBlaze.LoginTest">
        <test-method is-config="true" signature="beforeClass()[pri:0, instance:demoBlaze.LoginTest@6743e411]" started-at="2026-09-20T17:24:33 IST" name="beforeClass" finished-at="2026-09-20T17:24:36 IST" duration-ms="3861" status="PASS">
          <reporter-output>
          </reporter-output>
        </test-method> <!-- beforeClass -->
        <test-method signature="signUp()[pri:0, instance:demoBlaze.LoginTest@6743e411]" started-at="2026-09-20T17:24:37 IST" name="signUp" finished-at="2026-09-20T17:24:52 IST" duration-ms="15454" status="PASS">
          <reporter-output>
          </reporter-output>
        </test-method> <!-- signUp -->
        <test-method is-config="true" signature="tearDown()[pri:0, instance:demoBlaze.LoginTest@6743e411]" started-at="2026-09-20T17:24:52 IST" name="tearDown" finished-at="2026-09-20T17:24:52 IST" duration-ms="432" status="PASS">
          <reporter-output>
          </reporter-output>
        </test-method> <!-- tearDown -->
      </class> <!-- demoBlaze.LoginTest -->
    </test> <!-- Default test -->
  </suite> <!-- Default suite -->
</testng-results>
